
 Program  MARK  - Survival Rate Estimation with Capture-Recapture Data
 gfortran(dble/PIM2) Vers. 11.1 Nov 2024  20-May-2025 17:04:14    Page  001
  
 - - - - - - - - - - - - - - - - - - - - - - - - - - - - - - - - - - - - - -
 
 Welcome to MARK localuser on machine DEP79421 in subdirectory 
 "C:\Users\localuser\Desktop\GitHub\LHI_SBSH_CMR_adult_survival" running file "data/mark_outputs/best.inp".
 This version was compiled by GCC version 14.2.0 using the options: 
  -cpp -iprefix C:/tdm-gcc-64/mingw64-14-2/bin/../lib/gcc/
  x86_64-w64-mingw32/14.2.0/ -D_MT -D_REENTRANT -U_REENTRANT -D
  dbleprecision -m64 -march=x86-64 -mtune=generic -mthreads -O3 -std=f2023
  -fimplicit-none -ffpe-summary=invalid,zero,overflow,underflow
  -funroll-loops -fno-unsafe-math-optimizations -frounding-math
  -fsignaling-nans -fall-intrinsics -fopenmp

 This problem will use 19 of 20 possible threads.
 Static thread allocation is used.
 INPUT --- proc title ;

 For procedure title CPU Time was 0.001 secs and System Time was 0.001 secs.
 INPUT --- proc chmatrix occasions= 15 groups= 2 etype= Live Nodes= 
 INPUT --- 101 ICMeans NoHist hist= 55  ;
 INPUT ---    time interval 1 1 1 1 1 1 1 1 1 1 1 1 1 1 ;
 INPUT ---    glabel(1)=age_captureA;
 INPUT ---    glabel(2)=age_captureP;

   * *  WARNING  * *   At least a pair of the encounter histories are duplicates. 

      Number of unique encounter histories read was 49.

      Number of individual covariates read was 0.
      Time interval lengths are all equal to 1.

      Data type number is 1
      Data type is Live Recaptures (CJS)

 For procedure chmatrix CPU Time was 0.001 secs and System Time was 0.001 secs.

Program  MARK  - Survival Rate Estimation with Capture-Recapture Data
 gfortran(dble/PIM2) Vers. 11.1 Nov 2024  20-May-2025 17:04:14    Page  002
 - - - - - - - - - - - - - - - - - - - - - - - - - - - - - - - - - - - - - -
 


 INPUT --- proc estimate link=Logit NOLOOP varest=2ndPart    ;
 INPUT --- model={ Phi(~AAO_prev_yr_sep_oct_nov + 
 INPUT --- temp_sep_oct_nov)p(~group) };
 INPUT ---    group=1 Phi    rows=14 cols=14 Triang ;
 INPUT ---        1 2 3 4 5 6 7 8 9 10 11 12 13 14 ;
 INPUT ---        2 3 4 5 6 7 8 9 10 11 12 13 14 ;
 INPUT ---        3 4 5 6 7 8 9 10 11 12 13 14 ;
 INPUT ---        4 5 6 7 8 9 10 11 12 13 14 ;
 INPUT ---        5 6 7 8 9 10 11 12 13 14 ;
 INPUT ---        6 7 8 9 10 11 12 13 14 ;
 INPUT ---        7 8 9 10 11 12 13 14 ;
 INPUT ---        8 9 10 11 12 13 14 ;
 INPUT ---        9 10 11 12 13 14 ;
 INPUT ---        10 11 12 13 14 ;
 INPUT ---        11 12 13 14 ;
 INPUT ---        12 13 14 ;
 INPUT ---        13 14 ;
 INPUT ---        14 ;
 INPUT ---    group=2 Phi    rows=14 cols=14 Triang ;
 INPUT ---        1 2 3 4 5 6 7 8 9 10 11 12 13 14 ;
 INPUT ---        2 3 4 5 6 7 8 9 10 11 12 13 14 ;
 INPUT ---        3 4 5 6 7 8 9 10 11 12 13 14 ;
 INPUT ---        4 5 6 7 8 9 10 11 12 13 14 ;
 INPUT ---        5 6 7 8 9 10 11 12 13 14 ;
 INPUT ---        6 7 8 9 10 11 12 13 14 ;
 INPUT ---        7 8 9 10 11 12 13 14 ;
 INPUT ---        8 9 10 11 12 13 14 ;
 INPUT ---        9 10 11 12 13 14 ;
 INPUT ---        10 11 12 13 14 ;
 INPUT ---        11 12 13 14 ;
 INPUT ---        12 13 14 ;
 INPUT ---        13 14 ;
 INPUT ---        14 ;
 INPUT ---    group=1 p    rows=14 cols=14 Triang ;
 INPUT ---        15 15 15 15 15 15 15 15 15 15 15 15 15 15 ;
 INPUT ---        15 15 15 15 15 15 15 15 15 15 15 15 15 ;
 INPUT ---        15 15 15 15 15 15 15 15 15 15 15 15 ;
 INPUT ---        15 15 15 15 15 15 15 15 15 15 15 ;
 INPUT ---        15 15 15 15 15 15 15 15 15 15 ;
 INPUT ---        15 15 15 15 15 15 15 15 15 ;
 INPUT ---        15 15 15 15 15 15 15 15 ;
 INPUT ---        15 15 15 15 15 15 15 ;
 INPUT ---        15 15 15 15 15 15 ;
 INPUT ---        15 15 15 15 15 ;

Program  MARK  - Survival Rate Estimation with Capture-Recapture Data
 gfortran(dble/PIM2) Vers. 11.1 Nov 2024  20-May-2025 17:04:14    Page  003
 - - - - - - - - - - - - - - - - - - - - - - - - - - - - - - - - - - - - - -
 
 INPUT ---        15 15 15 15 ;
 INPUT ---        15 15 15 ;
 INPUT ---        15 15 ;
 INPUT ---        15 ;
 INPUT ---    group=2 p    rows=14 cols=14 Triang ;
 INPUT ---        16 16 16 16 16 16 16 16 16 16 16 16 16 16 ;
 INPUT ---        16 16 16 16 16 16 16 16 16 16 16 16 16 ;
 INPUT ---        16 16 16 16 16 16 16 16 16 16 16 16 ;
 INPUT ---        16 16 16 16 16 16 16 16 16 16 16 ;
 INPUT ---        16 16 16 16 16 16 16 16 16 16 ;
 INPUT ---        16 16 16 16 16 16 16 16 16 ;
 INPUT ---        16 16 16 16 16 16 16 16 ;
 INPUT ---        16 16 16 16 16 16 16 ;
 INPUT ---        16 16 16 16 16 16 ;
 INPUT ---        16 16 16 16 16 ;
 INPUT ---        16 16 16 16 ;
 INPUT ---        16 16 16 ;
 INPUT ---        16 16 ;
 INPUT ---        16 ;
 INPUT ---    design matrix constraints=16 covariates=5;
 INPUT ---        1 -0.615666666666667 18.09706875 0 0;
 INPUT ---        1 1.08433333333333 18.3587035294118 0 0;
 INPUT ---        1 -0.59 17.5691710144928 0 0;
 INPUT ---        1 -0.527666666666667 19.1849415384615 0 0;
 INPUT ---        1 -0.642333333333333 18.6629721649485 0 0;
 INPUT ---        1 -0.559 20.1488754098361 0 0;
 INPUT ---        1 0.355666666666667 19.7073362068966 0 0;
 INPUT ---        1 0.216 18.2024277777778 0 0;
 INPUT ---        1 0.499666666666667 16.7607416666667 0 0;
 INPUT ---        1 0.993 18.5764813333333 0 0;
 INPUT ---        1 -0.734 18.1375810526316 0 0;
 INPUT ---        1 0.757 18.5763226666667 0 0;
 INPUT ---        1 1.03666666666667 17.956708 0 0;
 INPUT ---        1 1.17066666666667 19.311006 0 0;
 INPUT ---        0 0 0 1 0;
 INPUT ---        0 0 0 1 1;
 INPUT ---       blabel(1)=Phi:(Intercept);
 INPUT ---       blabel(2)=Phi:AAO_prev_yr_sep_oct_nov;
 INPUT ---       blabel(3)=Phi:temp_sep_oct_nov;
 INPUT ---       blabel(4)=p:(Intercept);
 INPUT ---       blabel(5)=p:groupP;
 INPUT ---       rlabel(1)=Phi gA c2010 a0 t2010;
 INPUT ---       rlabel(2)=Phi gA c2010 a1 t2011;
 INPUT ---       rlabel(3)=Phi gA c2010 a2 t2012;
 INPUT ---       rlabel(4)=Phi gA c2010 a3 t2013;
 INPUT ---       rlabel(5)=Phi gA c2010 a4 t2014;

Program  MARK  - Survival Rate Estimation with Capture-Recapture Data
 gfortran(dble/PIM2) Vers. 11.1 Nov 2024  20-May-2025 17:04:15    Page  004
 - - - - - - - - - - - - - - - - - - - - - - - - - - - - - - - - - - - - - -
 
 INPUT ---       rlabel(6)=Phi gA c2010 a5 t2015;
 INPUT ---       rlabel(7)=Phi gA c2010 a6 t2016;
 INPUT ---       rlabel(8)=Phi gA c2010 a7 t2017;
 INPUT ---       rlabel(9)=Phi gA c2010 a8 t2018;
 INPUT ---       rlabel(10)=Phi gA c2010 a9 t2019;
 INPUT ---       rlabel(11)=Phi gA c2010 a10 t2020;
 INPUT ---       rlabel(12)=Phi gA c2010 a11 t2021;
 INPUT ---       rlabel(13)=Phi gA c2010 a12 t2022;
 INPUT ---       rlabel(14)=Phi gA c2010 a13 t2023;
 INPUT ---       rlabel(15)=p gA c2010 a1 t2011;
 INPUT ---       rlabel(16)=p gP c2010 a1 t2011;
   Model is { Phi(~AAO_prev_yr_sep_oct_nov + temp_sep_oct_nov)p(~group) }

 Link Function Used is LOGIT        

 Variance Estimation Procedure Used is 2ndPart 
 -2logL(saturated) = 428.64351     
 Effective Sample Size = 334

 Number of function evaluations was 36 for 5 parameters.
 For numerical optimization, CPU Time was 0.031 secs and System Time was 0.062 secs.
 -2logL { Phi(~AAO_prev_yr_sep_oct_nov + temp_sep_oct_nov)p(~group) } = 645.57053     
 Penalty { Phi(~AAO_prev_yr_sep_oct_nov + temp_sep_oct_nov)p(~group) } = 0.0000000     
 Gradient { Phi(~AAO_prev_yr_sep_oct_nov + temp_sep_oct_nov)p(~group) }:
 -9.94982E-07  2.05718E-06 -1.03588E-06 -4.85084E-06  3.63016E-06
 Maximum ABS(G) { Phi(~AAO_prev_yr_sep_oct_nov + temp_sep_oct_nov)p(~group) } =  4.85084E-06
 To compute VC matrix, CPU Time was 0.016 secs and System Time was 0.094 secs.
 S Vector { Phi(~AAO_prev_yr_sep_oct_nov + temp_sep_oct_nov)p(~group) }:
   96.28171      33.19401      12.08905     0.2443314     0.3259859E-02
 To invert VC matrix, CPU Time was 0.001 secs and System Time was 0.001 secs.
 Ratio Threshold = 50.00 Max Gap (4/5) = 74.95 Next Max Gap (3/4) = 49.48
 Gap Method for Num. of Estimated Parameters { Phi(~AAO_prev_yr_sep_oct_nov + temp_sep_oct_nov)p(~group) } = 4          
 Threshold { Phi(~AAO_prev_yr_sep_oct_nov + temp_sep_oct_nov)p(~group) } = 0.9701675E-05           
 Numerical Threshold Method for Num. of Estimated Parameters { Phi(~AAO_prev_yr_sep_oct_nov + temp_sep_oct_nov)p(~group) } = 5          
 Number of Estimated Parameters { Phi(~AAO_prev_yr_sep_oct_nov + temp_sep_oct_nov)p(~group) } = 5          

   * *  WARNING  * *   Number of parameters estimated from gap method (=4) and threshold method (=5) differ.  Inspect full output. 
 Ratios of S Vector { Phi(~AAO_prev_yr_sep_oct_nov + temp_sep_oct_nov)p(~group) }:
   1/2    2.900575       2/3    2.745791       3/4    49.47809       4/5    74.95151    
 DEVIANCE { Phi(~AAO_prev_yr_sep_oct_nov + temp_sep_oct_nov)p(~group) } = 216.92701               
 DEVIANCE Degrees of Freedom { Phi(~AAO_prev_yr_sep_oct_nov + temp_sep_oct_nov)p(~group) } = 34          
 c-hat { Phi(~AAO_prev_yr_sep_oct_nov + temp_sep_oct_nov)p(~group) } = 6.3802063               
 AIC { Phi(~AAO_prev_yr_sep_oct_nov + temp_sep_oct_nov)p(~group) } = 655.57053               
 AICc { Phi(~AAO_prev_yr_sep_oct_nov + temp_sep_oct_nov)p(~group) } = 655.75345               
 BIC { Phi(~AAO_prev_yr_sep_oct_nov + temp_sep_oct_nov)p(~group) } = 674.62623               

Program  MARK  - Survival Rate Estimation with Capture-Recapture Data
 gfortran(dble/PIM2) Vers. 11.1 Nov 2024  20-May-2025 17:04:15    Page  005
 - - - - - - - - - - - - - - - - - - - - - - - - - - - - - - - - - - - - - -
 
 Pearson Chisquare { Phi(~AAO_prev_yr_sep_oct_nov + temp_sep_oct_nov)p(~group) } = 2532.9577               
 Possible Encounter Histories { Phi(~AAO_prev_yr_sep_oct_nov + temp_sep_oct_nov)p(~group) } = 4108          
 Pearson Chisquare df { Phi(~AAO_prev_yr_sep_oct_nov + temp_sep_oct_nov)p(~group) } = 4089          
 Pearson chat { Phi(~AAO_prev_yr_sep_oct_nov + temp_sep_oct_nov)p(~group) } = 0.6194565               
 Sum(Observed/Expected) { Phi(~AAO_prev_yr_sep_oct_nov + temp_sep_oct_nov)p(~group) } = 1561.3424               
 s-bar { Phi(~AAO_prev_yr_sep_oct_nov + temp_sep_oct_nov)p(~group) } = -0.6220463              
 Fletcher chat { Phi(~AAO_prev_yr_sep_oct_nov + temp_sep_oct_nov)p(~group) } = 1.6389747               


 LOGIT Link Function Parameters of { Phi(~AAO_prev_yr_sep_oct_nov + temp_sep_oct_nov)p(~group) }
                                                              95% Confidence Interval
    Parameter                  Beta         Standard Error     Lower           Upper
 -------------------------  --------------  --------------  --------------  --------------
    1:Phi:(Intercept)        22.003619       12.503066      -2.5023916       46.509630    
    2:Phi:AAO_prev_yr_sep_   2.3137880       2.2249944      -2.0472010       6.6747771    
    3:Phi:temp_sep_oct_nov  -1.0469720       0.6033044      -2.2294487       0.1355048    
    4:p:(Intercept)         -2.1455990       0.1884637      -2.5149879      -1.7762101    
    5:p:groupP               1.1016686       0.2547327       0.6023925       1.6009447    


 Real Function Parameters of { Phi(~AAO_prev_yr_sep_oct_nov + temp_sep_oct_nov)p(~group) }
                                                               95% Confidence Interval
     Parameter                Estimate       Standard Error     Lower           Upper
 --------------------------  --------------  --------------  --------------  --------------
     1:Phi gA c2010 a0 t201   0.8364398       0.1026446       0.5402683       0.9569967       
     2:Phi gA c2010 a1 t201   0.9949910       0.0199710       0.0716016       0.9999980       
     3:Phi gA c2010 a2 t201   0.9041365       0.0931116       0.5345625       0.9872531       
     4:Phi gA c2010 a3 t201   0.6674367       0.0667141       0.5268527       0.7834209       
     5:Phi gA c2010 a4 t201   0.7266689       0.0917662       0.5180509       0.8679942       
     6:Phi gA c2010 a5 t201   0.4048983       0.1337144       0.1865225       0.6687582       
     7:Phi gA c2010 a6 t201   0.8996668       0.1664127       0.1946816       0.9970024       
     8:Phi gA c2010 a7 t201   0.9691106       0.0655920       0.2997163       0.9995654       
     9:Phi gA c2010 a8 t201   0.9963585       0.0127894       0.2146319       0.9999963       
    10:Phi gA c2010 a9 t201   0.9922490       0.0285350       0.0816673       0.9999946       
    11:Phi gA c2010 a10 t20   0.7884754       0.1130086       0.4969243       0.9336292       
    12:Phi gA c2010 a11 t20   0.9866956       0.0418854       0.1248287       0.9999741       
    13:Phi gA c2010 a12 t20   0.9963234       0.0149597       0.0829938       0.9999988       
    14:Phi gA c2010 a13 t20   0.9889500       0.0415097       0.0496959       0.9999935       
    15:p gA c2010 a1 t2011    0.1047432       0.0176726       0.0748141       0.1447717       
    16:p gP c2010 a1 t2011    0.2603923       0.0431531       0.1849587       0.3532568       

Program  MARK  - Survival Rate Estimation with Capture-Recapture Data
 gfortran(dble/PIM2) Vers. 11.1 Nov 2024  20-May-2025 17:04:15    Page  006
 - - - - - - - - - - - - - - - - - - - - - - - - - - - - - - - - - - - - - -
 

 To compute parameter estimates, CPU Time was 0.016 secs and System Time was 0.001 secs.

 Attempted ordering of parameters by estimatibility:
  4 1 5 2 3
 Beta number 3 is a singular value.

 For procedure estimate CPU Time was 0.062 secs and System Time was 1.594 secs.
 INPUT --- proc stop;

 For this job, CPU Time in mins was 0.002 and System Time in mins was 0.027.

     Time Start = 17:04:14.356   Time End = 17:04:15.990

 Wall Clock Time in mins for this job was 0.027.

 Maximum of 19 words used.


          E X E C U T I O N   S U C C E S S F U L
